<?xml version="1.0" encoding="UTF-8"?>
<testng-results ignored="0" total="1" passed="0" failed="1" skipped="0">
  <reporter-output>
    <line>
      <![CDATA[closing The Browser.....]]>
    </line>
  </reporter-output>
  <suite started-at="2024-06-22T00:51:29 IST" name="Default suite" finished-at="2024-06-22T00:51:29 IST" duration-ms="57">
    <groups>
    </groups>
    <test started-at="2024-06-22T00:51:29 IST" name="Default test" finished-at="2024-06-22T00:51:29 IST" duration-ms="57">
      <class name="com.myntra.test.FontSizeOfTextBox_Test">
        <test-method signature="TextBoxTest()[pri:0, instance:com.myntra.test.FontSizeOfTextBox_Test@4944252c]" started-at="2024-06-22T00:51:29 IST" name="TextBoxTest" finished-at="2024-06-22T00:51:29 IST" duration-ms="18" status="FAIL">
          <exception class="java.lang.NullPointerException">
            <full-stacktrace>
              <![CDATA[java.lang.NullPointerException
at com.myntra.test.FontSizeOfTextBox_Test.TextBoxTest(FontSizeOfTextBox_Test.java:15)
at java.base/jdk.internal.reflect.NativeMethodAccessorImpl.invoke0(Native Method)
at java.base/jdk.internal.reflect.NativeMethodAccessorImpl.invoke(NativeMethodAccessorImpl.java:62)
at java.base/jdk.internal.reflect.DelegatingMethodAccessorImpl.invoke(DelegatingMethodAccessorImpl.java:43)
at java.base/java.lang.reflect.Method.invoke(Method.java:566)
at org.testng.internal.MethodInvocationHelper.invokeMethod(MethodInvocationHelper.java:133)
at org.testng.internal.TestInvoker.invokeMethod(TestInvoker.java:584)
at org.testng.internal.TestInvoker.invokeTestMethod(TestInvoker.java:172)
at org.testng.internal.MethodRunner.runInSequence(MethodRunner.java:46)
at org.testng.internal.TestInvoker$MethodInvocationAgent.invoke(TestInvoker.java:804)
at org.testng.internal.TestInvoker.invokeTestMethods(TestInvoker.java:145)
at org.testng.internal.TestMethodWorker.invokeTestMethods(TestMethodWorker.java:146)
at org.testng.internal.TestMethodWorker.run(TestMethodWorker.java:128)
at java.base/java.util.ArrayList.forEach(ArrayList.java:1541)
at org.testng.TestRunner.privateRun(TestRunner.java:770)
at org.testng.TestRunner.run(TestRunner.java:591)
at org.testng.SuiteRunner.runTest(SuiteRunner.java:402)
at org.testng.SuiteRunner.runSequentially(SuiteRunner.java:396)
at org.testng.SuiteRunner.privateRun(SuiteRunner.java:355)
at org.testng.SuiteRunner.run(SuiteRunner.java:304)
at org.testng.SuiteRunnerWorker.runSuite(SuiteRunnerWorker.java:53)
at org.testng.SuiteRunnerWorker.run(SuiteRunnerWorker.java:96)
at org.testng.TestNG.runSuitesSequentially(TestNG.java:1180)
at org.testng.TestNG.runSuitesLocally(TestNG.java:1102)
at org.testng.TestNG.runSuites(TestNG.java:1032)
at org.testng.TestNG.run(TestNG.java:1000)
at org.testng.remote.AbstractRemoteTestNG.run(AbstractRemoteTestNG.java:115)
at org.testng.remote.RemoteTestNG.initAndRun(RemoteTestNG.java:251)
at org.testng.remote.RemoteTestNG.main(RemoteTestNG.java:77)
]]>
            </full-stacktrace>
          </exception> <!-- java.lang.NullPointerException -->
          <reporter-output>
          </reporter-output>
        </test-method> <!-- TextBoxTest -->
        <test-method is-config="true" signature="closeApplication()[pri:0, instance:com.myntra.test.FontSizeOfTextBox_Test@4944252c]" started-at="2024-06-22T00:51:29 IST" name="closeApplication" finished-at="2024-06-22T00:51:29 IST" duration-ms="2" status="PASS">
          <reporter-output>
            <line>
              <![CDATA[closing The Browser.....]]>
            </line>
          </reporter-output>
        </test-method> <!-- closeApplication -->
      </class> <!-- com.myntra.test.FontSizeOfTextBox_Test -->
    </test> <!-- Default test -->
  </suite> <!-- Default suite -->
</testng-results>
